<?xml version="1.0" encoding="UTF-8"?>
<testsuite xmlns:xsi="http://www.w3.org/2001/XMLSchema-instance" xsi:noNamespaceSchemaLocation="https://maven.apache.org/surefire/maven-surefire-plugin/xsd/surefire-test-report.xsd" version="3.0.2" name="uz.encode.fresh.notification_service.NotificationServiceApplicationTests" time="1.218" tests="1" errors="0" skipped="0" failures="0">
  <properties>
[...]
</properties>
  <testcase name="contextLoads" classname="uz.encode.fresh.notification_service.NotificationServiceApplicationTests" time="0.308">
    <system-out><![CDATA[19:13:31.512 [main] INFO org.springframework.test.context.support.AnnotationConfigContextLoaderUtils -- Could not detect default configuration classes for test class [uz.encode.fresh.notification_service.NotificationServiceApplicationTests]: NotificationServiceApplicationTests does not declare any static, non-private, non-final, nested classes annotated with @Configuration.
19:13:31.541 [main] INFO org.springframework.boot.test.context.SpringBootTestContextBootstrapper -- Found @SpringBootConfiguration uz.encode.fresh.notification_service.NotificationServiceApplication for test class uz.encode.fresh.notification_service.NotificationServiceApplicationTests

  .   ____          _            __ _ _
 /\\ / ___'_ __ _ _(_)_ __  __ _ \ \ \ \
( ( )\___ | '_ | '_| | '_ \/ _` | \ \ \ \
 \\/  ___)| |_)| | | | | || (_| |  ) ) ) )
  '  |____| .__|_| |_|_| |_\__, | / / / /
 =========|_|==============|___/=/_/_/_/
 :: Spring Boot ::                (v3.2.5)

2026-04-26T19:13:31.834+03:00  INFO 63609 --- [notification-service] [           main] .f.n.NotificationServiceApplicationTests : Starting NotificationServiceApplicationTests using Java 21.0.10 with PID 63609 (started by menz_uzb in /Users/menz_uzb/Business/Fresh/Project/BOOKING-APP/services/notification-service)
2026-04-26T19:13:31.834+03:00  INFO 63609 --- [notification-service] [           main] .f.n.NotificationServiceApplicationTests : The following 1 profile is active: "dev"
2026-04-26T19:13:31.843+03:00  INFO 63609 --- [notification-service] [           main] o.s.c.c.c.ConfigServerConfigDataLoader   : Fetching config from server at : http://localhost:8088
2026-04-26T19:13:31.843+03:00  INFO 63609 --- [notification-service] [           main] o.s.c.c.c.ConfigServerConfigDataLoader   : Located environment: name=notification-service, profiles=[default], label=null, version=null, state=null
2026-04-26T19:13:31.843+03:00  INFO 63609 --- [notification-service] [           main] o.s.c.c.c.ConfigServerConfigDataLoader   : Fetching config from server at : http://localhost:8088
2026-04-26T19:13:31.843+03:00  INFO 63609 --- [notification-service] [           main] o.s.c.c.c.ConfigServerConfigDataLoader   : Located environment: name=notification-service, profiles=[dev], label=null, version=null, state=null
2026-04-26T19:13:32.030+03:00  INFO 63609 --- [notification-service] [           main] o.s.cloud.context.scope.GenericScope     : BeanFactory id=b40353f6-174c-308e-a8be-559f23edf1a3
2026-04-26T19:13:32.242+03:00  INFO 63609 --- [notification-service] [           main] DiscoveryClientOptionalArgsConfiguration : Eureka HTTP Client uses RestTemplate.
2026-04-26T19:13:32.251+03:00  WARN 63609 --- [notification-service] [           main] iguration$LoadBalancerCaffeineWarnLogger : Spring Cloud LoadBalancer is currently working with the default cache. While this cache implementation is useful for development and tests, it's recommended to use Caffeine cache in production.You can switch to using Caffeine cache, by adding it and org.springframework.cache.caffeine.CaffeineCacheManager to the classpath.
2026-04-26T19:13:32.258+03:00  INFO 63609 --- [notification-service] [           main] o.s.c.n.eureka.InstanceInfoFactory       : Setting initial instance status as: STARTING
2026-04-26T19:13:32.264+03:00  INFO 63609 --- [notification-service] [           main] com.netflix.discovery.DiscoveryClient    : Initializing Eureka in region us-east-1
2026-04-26T19:13:32.266+03:00  INFO 63609 --- [notification-service] [           main] c.n.d.s.r.aws.ConfigClusterResolver      : Resolving eureka endpoints via configuration
2026-04-26T19:13:32.267+03:00  INFO 63609 --- [notification-service] [           main] com.netflix.discovery.DiscoveryClient    : Disable delta property : false
2026-04-26T19:13:32.268+03:00  INFO 63609 --- [notification-service] [           main] com.netflix.discovery.DiscoveryClient    : Single vip registry refresh property : null
2026-04-26T19:13:32.268+03:00  INFO 63609 --- [notification-service] [           main] com.netflix.discovery.DiscoveryClient    : Force full registry fetch : false
2026-04-26T19:13:32.268+03:00  INFO 63609 --- [notification-service] [           main] com.netflix.discovery.DiscoveryClient    : Application is null : false
2026-04-26T19:13:32.268+03:00  INFO 63609 --- [notification-service] [           main] com.netflix.discovery.DiscoveryClient    : Registered Applications size is zero : true
2026-04-26T19:13:32.268+03:00  INFO 63609 --- [notification-service] [           main] com.netflix.discovery.DiscoveryClient    : Application version is -1: true
2026-04-26T19:13:32.268+03:00  INFO 63609 --- [notification-service] [           main] com.netflix.discovery.DiscoveryClient    : Getting all instance registry info from the eureka server
2026-04-26T19:13:32.358+03:00  INFO 63609 --- [notification-service] [           main] com.netflix.discovery.DiscoveryClient    : The response status is 200
2026-04-26T19:13:32.359+03:00  INFO 63609 --- [notification-service] [           main] com.netflix.discovery.DiscoveryClient    : Starting heartbeat executor: renew interval is: 30
2026-04-26T19:13:32.359+03:00  INFO 63609 --- [notification-service] [           main] c.n.discovery.InstanceInfoReplicator     : InstanceInfoReplicator onDemand update allowed rate per min is 4
2026-04-26T19:13:32.360+03:00  INFO 63609 --- [notification-service] [           main] com.netflix.discovery.DiscoveryClient    : Discovery Client initialized at timestamp 1777220012360 with initial instances count: 6
2026-04-26T19:13:32.361+03:00  INFO 63609 --- [notification-service] [           main] o.s.c.n.e.s.EurekaServiceRegistry        : Registering application NOTIFICATION-SERVICE with eureka with status UP
2026-04-26T19:13:32.361+03:00  INFO 63609 --- [notification-service] [           main] com.netflix.discovery.DiscoveryClient    : Saw local status change event StatusChangeEvent [timestamp=1777220012361, current=UP, previous=STARTING]
2026-04-26T19:13:32.361+03:00  INFO 63609 --- [notification-service] [foReplicator-%d] com.netflix.discovery.DiscoveryClient    : DiscoveryClient_NOTIFICATION-SERVICE/172.20.10.4:notification-service:8086: registering service...
2026-04-26T19:13:32.364+03:00  INFO 63609 --- [notification-service] [           main] .f.n.NotificationServiceApplicationTests : Started NotificationServiceApplicationTests in 0.789 seconds (process running for 1.081)
2026-04-26T19:13:32.373+03:00  INFO 63609 --- [notification-service] [foReplicator-%d] com.netflix.discovery.DiscoveryClient    : DiscoveryClient_NOTIFICATION-SERVICE/172.20.10.4:notification-service:8086 - registration status: 204
]]></system-out>
    <system-err><![CDATA[WARNING: A Java agent has been loaded dynamically (/Users/menz_uzb/.m2/repository/net/bytebuddy/byte-buddy-agent/1.14.13/byte-buddy-agent-1.14.13.jar)
WARNING: If a serviceability tool is in use, please run with -XX:+EnableDynamicAgentLoading to hide this warning
WARNING: If a serviceability tool is not in use, please run with -Djdk.instrument.traceUsage for more information
WARNING: Dynamic loading of agents will be disallowed by default in a future release
]]></system-err>
  </testcase>
</testsuite>